[0.011s] Invoking command in '/app/TURTLEBOT_WS/build/turtlebot3_cpp_navigation': CMAKE_PREFIX_PATH=/opt/ros/humble /usr/bin/cmake --build /app/TURTLEBOT_WS/build/turtlebot3_cpp_navigation -- -j16 -l16
[0.031s] -- Found ament_cmake: 1.3.10 (/opt/ros/humble/share/ament_cmake/cmake)
[0.110s] -- Found rclcpp: 16.0.10 (/opt/ros/humble/share/rclcpp/cmake)
[0.129s] -- Found rosidl_generator_c: 3.1.5 (/opt/ros/humble/share/rosidl_generator_c/cmake)
[0.131s] -- Found rosidl_adapter: 3.1.5 (/opt/ros/humble/share/rosidl_adapter/cmake)
[0.135s] -- Found rosidl_generator_cpp: 3.1.5 (/opt/ros/humble/share/rosidl_generator_cpp/cmake)
[0.141s] -- Using all available rosidl_typesupport_c: rosidl_typesupport_fastrtps_c;rosidl_typesupport_introspection_c
[0.148s] -- Using all available rosidl_typesupport_cpp: rosidl_typesupport_fastrtps_cpp;rosidl_typesupport_introspection_cpp
[0.170s] -- Found rmw_implementation_cmake: 6.1.2 (/opt/ros/humble/share/rmw_implementation_cmake/cmake)
[0.171s] -- Found rmw_fastrtps_cpp: 6.2.7 (/opt/ros/humble/share/rmw_fastrtps_cpp/cmake)
[0.249s] -- Using RMW implementation 'rmw_fastrtps_cpp' as default
[0.279s] -- Found rclcpp_action: 16.0.10 (/opt/ros/humble/share/rclcpp_action/cmake)
[0.297s] -- Found nav2_msgs: 1.1.16 (/opt/ros/humble/share/nav2_msgs/cmake)
[0.332s] -- Found tf2: 0.25.7 (/opt/ros/humble/share/tf2/cmake)
[0.334s] -- Found tf2_geometry_msgs: 0.25.7 (/opt/ros/humble/share/tf2_geometry_msgs/cmake)
[0.335s] -- Found eigen3_cmake_module: 0.1.1 (/opt/ros/humble/share/eigen3_cmake_module/cmake)
[0.336s] -- Ensuring Eigen3 include directory is part of orocos-kdl CMake target
[0.368s] -- Found ament_lint_auto: 0.12.11 (/opt/ros/humble/share/ament_lint_auto/cmake)
[0.412s] -- Added test 'cppcheck' to perform static code analysis on C / C++ code
[0.412s] -- Configured cppcheck include dirs: /app/TURTLEBOT_WS/src/turtlebot3_cpp_navigation/include
[0.412s] -- Configured cppcheck exclude dirs and/or files: 
[0.412s] -- Added test 'lint_cmake' to check CMake code style
[0.413s] -- Added test 'uncrustify' to check C / C++ code style
[0.413s] -- Configured uncrustify additional arguments: 
[0.413s] -- Added test 'xmllint' to check XML markup files
[0.414s] -- Configuring done
[0.425s] -- Generating done
[0.427s] -- Build files have been written to: /app/TURTLEBOT_WS/build/turtlebot3_cpp_navigation
[0.444s] [35m[1mConsolidate compiler generated dependencies of target nav2_to_point_goal[0m
[0.444s] [35m[1mConsolidate compiler generated dependencies of target follow_waypoints[0m
[0.457s] [ 60%] Built target nav2_to_point_goal
[0.457s] [ 60%] [32mBuilding CXX object CMakeFiles/follow_waypoints.dir/src/nav2_to_point_goal.cpp.o[0m
[3.156s] [ 80%] [32m[1mLinking CXX executable follow_waypoints[0m
[3.171s] /usr/bin/ld: CMakeFiles/follow_waypoints.dir/src/nav2_to_point_goal.cpp.o: in function `main':
[3.172s] nav2_to_point_goal.cpp:(.text+0x1dff): multiple definition of `main'; CMakeFiles/follow_waypoints.dir/src/follow_waypoints.cpp.o:follow_waypoints.cpp:(.text+0x0): first defined here
[3.278s] collect2: error: ld returned 1 exit status
[3.279s] gmake[2]: *** [CMakeFiles/follow_waypoints.dir/build.make:229: follow_waypoints] Error 1
[3.279s] gmake[1]: *** [CMakeFiles/Makefile2:165: CMakeFiles/follow_waypoints.dir/all] Error 2
[3.279s] gmake: *** [Makefile:146: all] Error 2
[3.281s] Invoked command in '/app/TURTLEBOT_WS/build/turtlebot3_cpp_navigation' returned '2': CMAKE_PREFIX_PATH=/opt/ros/humble /usr/bin/cmake --build /app/TURTLEBOT_WS/build/turtlebot3_cpp_navigation -- -j16 -l16
