[0.011s] Invoking command in '/app/TURTLEBOT_WS/build/turtlebot3_cpp_navigation': CMAKE_PREFIX_PATH=/opt/ros/humble /usr/bin/cmake --build /app/TURTLEBOT_WS/build/turtlebot3_cpp_navigation -- -j16 -l16
[0.032s] -- Found ament_cmake: 1.3.10 (/opt/ros/humble/share/ament_cmake/cmake)
[0.113s] -- Found rclcpp: 16.0.10 (/opt/ros/humble/share/rclcpp/cmake)
[0.132s] -- Found rosidl_generator_c: 3.1.5 (/opt/ros/humble/share/rosidl_generator_c/cmake)
[0.133s] -- Found rosidl_adapter: 3.1.5 (/opt/ros/humble/share/rosidl_adapter/cmake)
[0.137s] -- Found rosidl_generator_cpp: 3.1.5 (/opt/ros/humble/share/rosidl_generator_cpp/cmake)
[0.142s] -- Using all available rosidl_typesupport_c: rosidl_typesupport_fastrtps_c;rosidl_typesupport_introspection_c
[0.150s] -- Using all available rosidl_typesupport_cpp: rosidl_typesupport_fastrtps_cpp;rosidl_typesupport_introspection_cpp
[0.172s] -- Found rmw_implementation_cmake: 6.1.2 (/opt/ros/humble/share/rmw_implementation_cmake/cmake)
[0.172s] -- Found rmw_fastrtps_cpp: 6.2.7 (/opt/ros/humble/share/rmw_fastrtps_cpp/cmake)
[0.251s] -- Using RMW implementation 'rmw_fastrtps_cpp' as default
[0.281s] -- Found rclcpp_action: 16.0.10 (/opt/ros/humble/share/rclcpp_action/cmake)
[0.299s] -- Found nav2_msgs: 1.1.16 (/opt/ros/humble/share/nav2_msgs/cmake)
[0.334s] -- Found tf2: 0.25.7 (/opt/ros/humble/share/tf2/cmake)
[0.337s] -- Found tf2_geometry_msgs: 0.25.7 (/opt/ros/humble/share/tf2_geometry_msgs/cmake)
[0.338s] -- Found eigen3_cmake_module: 0.1.1 (/opt/ros/humble/share/eigen3_cmake_module/cmake)
[0.339s] -- Ensuring Eigen3 include directory is part of orocos-kdl CMake target
[0.383s] -- Found ament_lint_auto: 0.12.11 (/opt/ros/humble/share/ament_lint_auto/cmake)
[0.430s] -- Added test 'cppcheck' to perform static code analysis on C / C++ code
[0.430s] -- Configured cppcheck include dirs: /app/TURTLEBOT_WS/src/turtlebot3_cpp_navigation/include
[0.430s] -- Configured cppcheck exclude dirs and/or files: 
[0.431s] -- Added test 'lint_cmake' to check CMake code style
[0.431s] -- Added test 'uncrustify' to check C / C++ code style
[0.431s] -- Configured uncrustify additional arguments: 
[0.431s] -- Added test 'xmllint' to check XML markup files
[0.432s] -- Configuring done
[0.443s] -- Generating done
[0.444s] -- Build files have been written to: /app/TURTLEBOT_WS/build/turtlebot3_cpp_navigation
[0.462s] [35m[1mConsolidate compiler generated dependencies of target follow_waypoints[0m
[0.462s] [35m[1mConsolidate compiler generated dependencies of target nav2_to_point_goal[0m
[0.475s] [ 50%] [32m[1mLinking CXX executable follow_waypoints[0m
[0.475s] [ 75%] Built target nav2_to_point_goal
[0.552s] /usr/bin/ld: CMakeFiles/follow_waypoints.dir/src/follow_waypoints.cpp.o: in function `FollowWaypoints::send_next_goal()':
[0.552s] follow_waypoints.cpp:(.text._ZN15FollowWaypoints14send_next_goalEv[_ZN15FollowWaypoints14send_next_goalEv]+0x481): undefined reference to `NavToPoseClient::send_goal(float, float, float)'
[0.552s] /usr/bin/ld: CMakeFiles/follow_waypoints.dir/src/follow_waypoints.cpp.o: in function `FollowWaypoints::wait_for_goal_to_complete()':
[0.552s] follow_waypoints.cpp:(.text._ZN15FollowWaypoints25wait_for_goal_to_completeEv[_ZN15FollowWaypoints25wait_for_goal_to_completeEv]+0x83): undefined reference to `NavToPoseClient::is_goal_done() const'
[0.552s] /usr/bin/ld: CMakeFiles/follow_waypoints.dir/src/follow_waypoints.cpp.o: in function `void __gnu_cxx::new_allocator<NavToPoseClient>::construct<NavToPoseClient, rclcpp::NodeOptions&>(NavToPoseClient*, rclcpp::NodeOptions&)':
[0.552s] follow_waypoints.cpp:(.text._ZN9__gnu_cxx13new_allocatorI15NavToPoseClientE9constructIS1_JRN6rclcpp11NodeOptionsEEEEvPT_DpOT0_[_ZN9__gnu_cxx13new_allocatorI15NavToPoseClientE9constructIS1_JRN6rclcpp11NodeOptionsEEEEvPT_DpOT0_]+0x47): undefined reference to `NavToPoseClient::NavToPoseClient(rclcpp::NodeOptions const&)'
[0.556s] collect2: error: ld returned 1 exit status
[0.558s] gmake[2]: *** [CMakeFiles/follow_waypoints.dir/build.make:213: follow_waypoints] Error 1
[0.558s] gmake[1]: *** [CMakeFiles/Makefile2:165: CMakeFiles/follow_waypoints.dir/all] Error 2
[0.558s] gmake: *** [Makefile:146: all] Error 2
[0.560s] Invoked command in '/app/TURTLEBOT_WS/build/turtlebot3_cpp_navigation' returned '2': CMAKE_PREFIX_PATH=/opt/ros/humble /usr/bin/cmake --build /app/TURTLEBOT_WS/build/turtlebot3_cpp_navigation -- -j16 -l16
