[0.011s] Invoking command in '/app/TURTLEBOT_WS/build/turtlebot3_cpp_navigation': CMAKE_PREFIX_PATH=/opt/ros/humble /usr/bin/cmake --build /app/TURTLEBOT_WS/build/turtlebot3_cpp_navigation -- -j16 -l16
[0.030s] -- Found ament_cmake: 1.3.10 (/opt/ros/humble/share/ament_cmake/cmake)
[0.110s] -- Found rclcpp: 16.0.10 (/opt/ros/humble/share/rclcpp/cmake)
[0.129s] -- Found rosidl_generator_c: 3.1.5 (/opt/ros/humble/share/rosidl_generator_c/cmake)
[0.130s] -- Found rosidl_adapter: 3.1.5 (/opt/ros/humble/share/rosidl_adapter/cmake)
[0.134s] -- Found rosidl_generator_cpp: 3.1.5 (/opt/ros/humble/share/rosidl_generator_cpp/cmake)
[0.140s] -- Using all available rosidl_typesupport_c: rosidl_typesupport_fastrtps_c;rosidl_typesupport_introspection_c
[0.148s] -- Using all available rosidl_typesupport_cpp: rosidl_typesupport_fastrtps_cpp;rosidl_typesupport_introspection_cpp
[0.169s] -- Found rmw_implementation_cmake: 6.1.2 (/opt/ros/humble/share/rmw_implementation_cmake/cmake)
[0.169s] -- Found rmw_fastrtps_cpp: 6.2.7 (/opt/ros/humble/share/rmw_fastrtps_cpp/cmake)
[0.249s] -- Using RMW implementation 'rmw_fastrtps_cpp' as default
[0.280s] -- Found rclcpp_action: 16.0.10 (/opt/ros/humble/share/rclcpp_action/cmake)
[0.298s] -- Found nav2_msgs: 1.1.16 (/opt/ros/humble/share/nav2_msgs/cmake)
[0.332s] -- Found tf2: 0.25.7 (/opt/ros/humble/share/tf2/cmake)
[0.335s] -- Found tf2_geometry_msgs: 0.25.7 (/opt/ros/humble/share/tf2_geometry_msgs/cmake)
[0.336s] -- Found eigen3_cmake_module: 0.1.1 (/opt/ros/humble/share/eigen3_cmake_module/cmake)
[0.337s] -- Ensuring Eigen3 include directory is part of orocos-kdl CMake target
[0.372s] -- Found ament_lint_auto: 0.12.11 (/opt/ros/humble/share/ament_lint_auto/cmake)
[0.422s] -- Added test 'cppcheck' to perform static code analysis on C / C++ code
[0.422s] -- Configured cppcheck include dirs: /app/TURTLEBOT_WS/src/turtlebot3_cpp_navigation/include
[0.422s] -- Configured cppcheck exclude dirs and/or files: 
[0.423s] -- Added test 'lint_cmake' to check CMake code style
[0.424s] -- Added test 'uncrustify' to check C / C++ code style
[0.424s] -- Configured uncrustify additional arguments: 
[0.424s] -- Added test 'xmllint' to check XML markup files
[0.425s] -- Configuring done
[0.439s] -- Generating done
[0.441s] -- Build files have been written to: /app/TURTLEBOT_WS/build/turtlebot3_cpp_navigation
[0.461s] [35m[1mConsolidate compiler generated dependencies of target nav2_to_point_goal[0m
[0.461s] [35m[1mConsolidate compiler generated dependencies of target follow_waypoints[0m
[0.475s] [ 75%] Built target nav2_to_point_goal
[0.476s] [ 75%] [32m[1mLinking CXX executable follow_waypoints[0m
[0.554s] /usr/bin/ld: CMakeFiles/follow_waypoints.dir/src/follow_waypoints.cpp.o: in function `FollowWaypoints::send_next_goal()':
[0.554s] follow_waypoints.cpp:(.text._ZN15FollowWaypoints14send_next_goalEv[_ZN15FollowWaypoints14send_next_goalEv]+0x481): undefined reference to `NavToPoseClient::send_goal(float, float, float)'
[0.554s] /usr/bin/ld: CMakeFiles/follow_waypoints.dir/src/follow_waypoints.cpp.o: in function `FollowWaypoints::wait_for_goal_to_complete()':
[0.554s] follow_waypoints.cpp:(.text._ZN15FollowWaypoints25wait_for_goal_to_completeEv[_ZN15FollowWaypoints25wait_for_goal_to_completeEv]+0x83): undefined reference to `NavToPoseClient::is_goal_done() const'
[0.554s] /usr/bin/ld: CMakeFiles/follow_waypoints.dir/src/follow_waypoints.cpp.o: in function `void __gnu_cxx::new_allocator<NavToPoseClient>::construct<NavToPoseClient, rclcpp::NodeOptions&>(NavToPoseClient*, rclcpp::NodeOptions&)':
[0.554s] follow_waypoints.cpp:(.text._ZN9__gnu_cxx13new_allocatorI15NavToPoseClientE9constructIS1_JRN6rclcpp11NodeOptionsEEEEvPT_DpOT0_[_ZN9__gnu_cxx13new_allocatorI15NavToPoseClientE9constructIS1_JRN6rclcpp11NodeOptionsEEEEvPT_DpOT0_]+0x47): undefined reference to `NavToPoseClient::NavToPoseClient(rclcpp::NodeOptions const&)'
[0.559s] collect2: error: ld returned 1 exit status
[0.560s] gmake[2]: *** [CMakeFiles/follow_waypoints.dir/build.make:213: follow_waypoints] Error 1
[0.560s] gmake[1]: *** [CMakeFiles/Makefile2:165: CMakeFiles/follow_waypoints.dir/all] Error 2
[0.560s] gmake: *** [Makefile:146: all] Error 2
[0.562s] Invoked command in '/app/TURTLEBOT_WS/build/turtlebot3_cpp_navigation' returned '2': CMAKE_PREFIX_PATH=/opt/ros/humble /usr/bin/cmake --build /app/TURTLEBOT_WS/build/turtlebot3_cpp_navigation -- -j16 -l16
