[0.000000] (-) TimerEvent: {}
[0.000199] (turtlebot3_cpp_navigation) JobQueued: {'identifier': 'turtlebot3_cpp_navigation', 'dependencies': OrderedDict()}
[0.000356] (turtlebot3_py_navigation) JobQueued: {'identifier': 'turtlebot3_py_navigation', 'dependencies': OrderedDict()}
[0.000369] (turtlebot3_cpp_navigation) JobStarted: {'identifier': 'turtlebot3_cpp_navigation'}
[0.004628] (turtlebot3_py_navigation) JobStarted: {'identifier': 'turtlebot3_py_navigation'}
[0.009540] (turtlebot3_cpp_navigation) JobProgress: {'identifier': 'turtlebot3_cpp_navigation', 'progress': 'cmake'}
[0.010133] (turtlebot3_cpp_navigation) JobProgress: {'identifier': 'turtlebot3_cpp_navigation', 'progress': 'build'}
[0.010740] (turtlebot3_cpp_navigation) Command: {'cmd': ['/usr/bin/cmake', '--build', '/app/TURTLEBOT_WS/build/turtlebot3_cpp_navigation', '--', '-j16', '-l16'], 'cwd': '/app/TURTLEBOT_WS/build/turtlebot3_cpp_navigation', 'env': OrderedDict([('HOSTNAME', 'iitavr002lw013u'), ('GIT_ASKPASS', '/root/.vscode-server/bin/38c31bc77e0dd6ae88a4e9cc93428cc27a56ba40/extensions/git/dist/askpass.sh'), ('SHLVL', '2'), ('LD_LIBRARY_PATH', '/usr/lib/x86_64-linux-gnu/gazebo-11/plugins:/opt/ros/humble/opt/rviz_ogre_vendor/lib:/opt/ros/humble/lib/x86_64-linux-gnu:/opt/ros/humble/lib'), ('BROWSER', '/root/.vscode-server/bin/38c31bc77e0dd6ae88a4e9cc93428cc27a56ba40/bin/helpers/browser.sh'), ('HOME', '/root'), ('OLDPWD', '/app'), ('TERM_PROGRAM_VERSION', '1.93.1'), ('VSCODE_IPC_HOOK_CLI', '/tmp/vscode-ipc-a65c07e2-c729-49d3-b899-e85d31c34788.sock'), ('ROS_PYTHON_VERSION', '3'), ('VSCODE_GIT_ASKPASS_MAIN', '/root/.vscode-server/bin/38c31bc77e0dd6ae88a4e9cc93428cc27a56ba40/extensions/git/dist/askpass-main.js'), ('VSCODE_GIT_ASKPASS_NODE', '/root/.vscode-server/bin/38c31bc77e0dd6ae88a4e9cc93428cc27a56ba40/node'), ('COLORTERM', 'truecolor'), ('REMOTE_CONTAINERS', 'true'), ('ROS_DISTRO', 'humble'), ('REMOTE_CONTAINERS_IPC', '/tmp/vscode-remote-containers-ipc-616d734a-a7dd-45fb-975d-eac40aa7ae32.sock'), ('_', '/usr/bin/colcon'), ('ROS_VERSION', '2'), ('TERM', 'xterm-256color'), ('ROS_LOCALHOST_ONLY', '0'), ('QT_X11_NO_MITSHM', '1'), ('PATH', '/root/.vscode-server/bin/38c31bc77e0dd6ae88a4e9cc93428cc27a56ba40/bin/remote-cli:/opt/ros/humble/bin:/usr/local/sbin:/usr/local/bin:/usr/sbin:/usr/bin:/sbin:/bin'), ('REMOTE_CONTAINERS_SOCKETS', '["/tmp/vscode-ssh-auth-616d734a-a7dd-45fb-975d-eac40aa7ae32.sock","/root/.gnupg/S.gpg-agent"]'), ('DISPLAY', ':0'), ('LANG', 'C.UTF-8'), ('XAUTHORITY', '/tmp/.docker.xauth'), ('LS_COLORS', 'rs=0:di=01;34:ln=01;36:mh=00:pi=40;33:so=01;35:do=01;35:bd=40;33;01:cd=40;33;01:or=40;31;01:mi=00:su=37;41:sg=30;43:ca=30;41:tw=30;42:ow=34;42:st=37;44:ex=01;32:*.tar=01;31:*.tgz=01;31:*.arc=01;31:*.arj=01;31:*.taz=01;31:*.lha=01;31:*.lz4=01;31:*.lzh=01;31:*.lzma=01;31:*.tlz=01;31:*.txz=01;31:*.tzo=01;31:*.t7z=01;31:*.zip=01;31:*.z=01;31:*.dz=01;31:*.gz=01;31:*.lrz=01;31:*.lz=01;31:*.lzo=01;31:*.xz=01;31:*.zst=01;31:*.tzst=01;31:*.bz2=01;31:*.bz=01;31:*.tbz=01;31:*.tbz2=01;31:*.tz=01;31:*.deb=01;31:*.rpm=01;31:*.jar=01;31:*.war=01;31:*.ear=01;31:*.sar=01;31:*.rar=01;31:*.alz=01;31:*.ace=01;31:*.zoo=01;31:*.cpio=01;31:*.7z=01;31:*.rz=01;31:*.cab=01;31:*.wim=01;31:*.swm=01;31:*.dwm=01;31:*.esd=01;31:*.jpg=01;35:*.jpeg=01;35:*.mjpg=01;35:*.mjpeg=01;35:*.gif=01;35:*.bmp=01;35:*.pbm=01;35:*.pgm=01;35:*.ppm=01;35:*.tga=01;35:*.xbm=01;35:*.xpm=01;35:*.tif=01;35:*.tiff=01;35:*.png=01;35:*.svg=01;35:*.svgz=01;35:*.mng=01;35:*.pcx=01;35:*.mov=01;35:*.mpg=01;35:*.mpeg=01;35:*.m2v=01;35:*.mkv=01;35:*.webm=01;35:*.webp=01;35:*.ogm=01;35:*.mp4=01;35:*.m4v=01;35:*.mp4v=01;35:*.vob=01;35:*.qt=01;35:*.nuv=01;35:*.wmv=01;35:*.asf=01;35:*.rm=01;35:*.rmvb=01;35:*.flc=01;35:*.avi=01;35:*.fli=01;35:*.flv=01;35:*.gl=01;35:*.dl=01;35:*.xcf=01;35:*.xwd=01;35:*.yuv=01;35:*.cgm=01;35:*.emf=01;35:*.ogv=01;35:*.ogx=01;35:*.aac=00;36:*.au=00;36:*.flac=00;36:*.m4a=00;36:*.mid=00;36:*.midi=00;36:*.mka=00;36:*.mp3=00;36:*.mpc=00;36:*.ogg=00;36:*.ra=00;36:*.wav=00;36:*.oga=00;36:*.opus=00;36:*.spx=00;36:*.xspf=00;36:'), ('VSCODE_GIT_IPC_HANDLE', '/tmp/vscode-git-c8763f5dce.sock'), ('TERM_PROGRAM', 'vscode'), ('SSH_AUTH_SOCK', '/tmp/vscode-ssh-auth-616d734a-a7dd-45fb-975d-eac40aa7ae32.sock'), ('AMENT_PREFIX_PATH', '/opt/ros/humble'), ('SHELL', '/bin/bash'), ('VSCODE_GIT_ASKPASS_EXTRA_ARGS', ''), ('PWD', '/app/TURTLEBOT_WS/build/turtlebot3_cpp_navigation'), ('TURTLEBOT3_MODEL', 'waffle'), ('LC_ALL', 'C.UTF-8'), ('PYTHONPATH', '/opt/ros/humble/lib/python3.10/site-packages:/opt/ros/humble/local/lib/python3.10/dist-packages'), ('COLCON', '1'), ('CMAKE_PREFIX_PATH', '/opt/ros/humble')]), 'shell': False}
[0.032159] (turtlebot3_cpp_navigation) StdoutLine: {'line': b'-- Found ament_cmake: 1.3.10 (/opt/ros/humble/share/ament_cmake/cmake)\n'}
[0.099897] (-) TimerEvent: {}
[0.112830] (turtlebot3_cpp_navigation) StdoutLine: {'line': b'-- Found rclcpp: 16.0.10 (/opt/ros/humble/share/rclcpp/cmake)\n'}
[0.131833] (turtlebot3_cpp_navigation) StdoutLine: {'line': b'-- Found rosidl_generator_c: 3.1.5 (/opt/ros/humble/share/rosidl_generator_c/cmake)\n'}
[0.133377] (turtlebot3_cpp_navigation) StdoutLine: {'line': b'-- Found rosidl_adapter: 3.1.5 (/opt/ros/humble/share/rosidl_adapter/cmake)\n'}
[0.136845] (turtlebot3_cpp_navigation) StdoutLine: {'line': b'-- Found rosidl_generator_cpp: 3.1.5 (/opt/ros/humble/share/rosidl_generator_cpp/cmake)\n'}
[0.142572] (turtlebot3_cpp_navigation) StdoutLine: {'line': b'-- Using all available rosidl_typesupport_c: rosidl_typesupport_fastrtps_c;rosidl_typesupport_introspection_c\n'}
[0.150090] (turtlebot3_cpp_navigation) StdoutLine: {'line': b'-- Using all available rosidl_typesupport_cpp: rosidl_typesupport_fastrtps_cpp;rosidl_typesupport_introspection_cpp\n'}
[0.171979] (turtlebot3_cpp_navigation) StdoutLine: {'line': b'-- Found rmw_implementation_cmake: 6.1.2 (/opt/ros/humble/share/rmw_implementation_cmake/cmake)\n'}
[0.172801] (turtlebot3_cpp_navigation) StdoutLine: {'line': b'-- Found rmw_fastrtps_cpp: 6.2.7 (/opt/ros/humble/share/rmw_fastrtps_cpp/cmake)\n'}
[0.200039] (-) TimerEvent: {}
[0.251049] (turtlebot3_cpp_navigation) StdoutLine: {'line': b"-- Using RMW implementation 'rmw_fastrtps_cpp' as default\n"}
[0.281362] (turtlebot3_cpp_navigation) StdoutLine: {'line': b'-- Found rclcpp_action: 16.0.10 (/opt/ros/humble/share/rclcpp_action/cmake)\n'}
[0.299793] (turtlebot3_cpp_navigation) StdoutLine: {'line': b'-- Found nav2_msgs: 1.1.16 (/opt/ros/humble/share/nav2_msgs/cmake)\n'}
[0.300055] (-) TimerEvent: {}
[0.334616] (turtlebot3_cpp_navigation) StdoutLine: {'line': b'-- Found tf2: 0.25.7 (/opt/ros/humble/share/tf2/cmake)\n'}
[0.337019] (turtlebot3_cpp_navigation) StdoutLine: {'line': b'-- Found tf2_geometry_msgs: 0.25.7 (/opt/ros/humble/share/tf2_geometry_msgs/cmake)\n'}
[0.338561] (turtlebot3_cpp_navigation) StdoutLine: {'line': b'-- Found eigen3_cmake_module: 0.1.1 (/opt/ros/humble/share/eigen3_cmake_module/cmake)\n'}
[0.339439] (turtlebot3_cpp_navigation) StdoutLine: {'line': b'-- Ensuring Eigen3 include directory is part of orocos-kdl CMake target\n'}
[0.383451] (turtlebot3_cpp_navigation) StdoutLine: {'line': b'-- Found ament_lint_auto: 0.12.11 (/opt/ros/humble/share/ament_lint_auto/cmake)\n'}
[0.396970] (turtlebot3_py_navigation) Command: {'cmd': ['/usr/bin/python3', '-W', 'ignore:setup.py install is deprecated', 'setup.py', 'egg_info', '--egg-base', '../../build/turtlebot3_py_navigation', 'build', '--build-base', '/app/TURTLEBOT_WS/build/turtlebot3_py_navigation/build', 'install', '--record', '/app/TURTLEBOT_WS/build/turtlebot3_py_navigation/install.log', '--single-version-externally-managed', 'install_data'], 'cwd': '/app/TURTLEBOT_WS/src/turtlebot3_py_navigation', 'env': {'HOSTNAME': 'iitavr002lw013u', 'GIT_ASKPASS': '/root/.vscode-server/bin/38c31bc77e0dd6ae88a4e9cc93428cc27a56ba40/extensions/git/dist/askpass.sh', 'SHLVL': '2', 'LD_LIBRARY_PATH': '/usr/lib/x86_64-linux-gnu/gazebo-11/plugins:/opt/ros/humble/opt/rviz_ogre_vendor/lib:/opt/ros/humble/lib/x86_64-linux-gnu:/opt/ros/humble/lib', 'BROWSER': '/root/.vscode-server/bin/38c31bc77e0dd6ae88a4e9cc93428cc27a56ba40/bin/helpers/browser.sh', 'HOME': '/root', 'OLDPWD': '/app', 'TERM_PROGRAM_VERSION': '1.93.1', 'VSCODE_IPC_HOOK_CLI': '/tmp/vscode-ipc-a65c07e2-c729-49d3-b899-e85d31c34788.sock', 'ROS_PYTHON_VERSION': '3', 'VSCODE_GIT_ASKPASS_MAIN': '/root/.vscode-server/bin/38c31bc77e0dd6ae88a4e9cc93428cc27a56ba40/extensions/git/dist/askpass-main.js', 'VSCODE_GIT_ASKPASS_NODE': '/root/.vscode-server/bin/38c31bc77e0dd6ae88a4e9cc93428cc27a56ba40/node', 'COLORTERM': 'truecolor', 'REMOTE_CONTAINERS': 'true', 'ROS_DISTRO': 'humble', 'REMOTE_CONTAINERS_IPC': '/tmp/vscode-remote-containers-ipc-616d734a-a7dd-45fb-975d-eac40aa7ae32.sock', '_': '/usr/bin/colcon', 'ROS_VERSION': '2', 'TERM': 'xterm-256color', 'ROS_LOCALHOST_ONLY': '0', 'QT_X11_NO_MITSHM': '1', 'PATH': '/root/.vscode-server/bin/38c31bc77e0dd6ae88a4e9cc93428cc27a56ba40/bin/remote-cli:/opt/ros/humble/bin:/usr/local/sbin:/usr/local/bin:/usr/sbin:/usr/bin:/sbin:/bin', 'REMOTE_CONTAINERS_SOCKETS': '["/tmp/vscode-ssh-auth-616d734a-a7dd-45fb-975d-eac40aa7ae32.sock","/root/.gnupg/S.gpg-agent"]', 'DISPLAY': ':0', 'LANG': 'C.UTF-8', 'XAUTHORITY': '/tmp/.docker.xauth', 'LS_COLORS': 'rs=0:di=01;34:ln=01;36:mh=00:pi=40;33:so=01;35:do=01;35:bd=40;33;01:cd=40;33;01:or=40;31;01:mi=00:su=37;41:sg=30;43:ca=30;41:tw=30;42:ow=34;42:st=37;44:ex=01;32:*.tar=01;31:*.tgz=01;31:*.arc=01;31:*.arj=01;31:*.taz=01;31:*.lha=01;31:*.lz4=01;31:*.lzh=01;31:*.lzma=01;31:*.tlz=01;31:*.txz=01;31:*.tzo=01;31:*.t7z=01;31:*.zip=01;31:*.z=01;31:*.dz=01;31:*.gz=01;31:*.lrz=01;31:*.lz=01;31:*.lzo=01;31:*.xz=01;31:*.zst=01;31:*.tzst=01;31:*.bz2=01;31:*.bz=01;31:*.tbz=01;31:*.tbz2=01;31:*.tz=01;31:*.deb=01;31:*.rpm=01;31:*.jar=01;31:*.war=01;31:*.ear=01;31:*.sar=01;31:*.rar=01;31:*.alz=01;31:*.ace=01;31:*.zoo=01;31:*.cpio=01;31:*.7z=01;31:*.rz=01;31:*.cab=01;31:*.wim=01;31:*.swm=01;31:*.dwm=01;31:*.esd=01;31:*.jpg=01;35:*.jpeg=01;35:*.mjpg=01;35:*.mjpeg=01;35:*.gif=01;35:*.bmp=01;35:*.pbm=01;35:*.pgm=01;35:*.ppm=01;35:*.tga=01;35:*.xbm=01;35:*.xpm=01;35:*.tif=01;35:*.tiff=01;35:*.png=01;35:*.svg=01;35:*.svgz=01;35:*.mng=01;35:*.pcx=01;35:*.mov=01;35:*.mpg=01;35:*.mpeg=01;35:*.m2v=01;35:*.mkv=01;35:*.webm=01;35:*.webp=01;35:*.ogm=01;35:*.mp4=01;35:*.m4v=01;35:*.mp4v=01;35:*.vob=01;35:*.qt=01;35:*.nuv=01;35:*.wmv=01;35:*.asf=01;35:*.rm=01;35:*.rmvb=01;35:*.flc=01;35:*.avi=01;35:*.fli=01;35:*.flv=01;35:*.gl=01;35:*.dl=01;35:*.xcf=01;35:*.xwd=01;35:*.yuv=01;35:*.cgm=01;35:*.emf=01;35:*.ogv=01;35:*.ogx=01;35:*.aac=00;36:*.au=00;36:*.flac=00;36:*.m4a=00;36:*.mid=00;36:*.midi=00;36:*.mka=00;36:*.mp3=00;36:*.mpc=00;36:*.ogg=00;36:*.ra=00;36:*.wav=00;36:*.oga=00;36:*.opus=00;36:*.spx=00;36:*.xspf=00;36:', 'VSCODE_GIT_IPC_HANDLE': '/tmp/vscode-git-c8763f5dce.sock', 'TERM_PROGRAM': 'vscode', 'SSH_AUTH_SOCK': '/tmp/vscode-ssh-auth-616d734a-a7dd-45fb-975d-eac40aa7ae32.sock', 'AMENT_PREFIX_PATH': '/opt/ros/humble', 'SHELL': '/bin/bash', 'VSCODE_GIT_ASKPASS_EXTRA_ARGS': '', 'PWD': '/app/TURTLEBOT_WS/build/turtlebot3_py_navigation', 'TURTLEBOT3_MODEL': 'waffle', 'LC_ALL': 'C.UTF-8', 'PYTHONPATH': '/app/TURTLEBOT_WS/build/turtlebot3_py_navigation/prefix_override:/usr/lib/python3/dist-packages/colcon_core/task/python/colcon_distutils_commands:/app/TURTLEBOT_WS/install/turtlebot3_py_navigation/lib/python3.10/site-packages:/opt/ros/humble/lib/python3.10/site-packages:/opt/ros/humble/local/lib/python3.10/dist-packages', 'COLCON': '1'}, 'shell': False}
[0.400146] (-) TimerEvent: {}
[0.430389] (turtlebot3_cpp_navigation) StdoutLine: {'line': b"-- Added test 'cppcheck' to perform static code analysis on C / C++ code\n"}
[0.430666] (turtlebot3_cpp_navigation) StdoutLine: {'line': b'-- Configured cppcheck include dirs: /app/TURTLEBOT_WS/src/turtlebot3_cpp_navigation/include\n'}
[0.430737] (turtlebot3_cpp_navigation) StdoutLine: {'line': b'-- Configured cppcheck exclude dirs and/or files: \n'}
[0.430879] (turtlebot3_cpp_navigation) StdoutLine: {'line': b"-- Added test 'lint_cmake' to check CMake code style\n"}
[0.431358] (turtlebot3_cpp_navigation) StdoutLine: {'line': b"-- Added test 'uncrustify' to check C / C++ code style\n"}
[0.431435] (turtlebot3_cpp_navigation) StdoutLine: {'line': b'-- Configured uncrustify additional arguments: \n'}
[0.431623] (turtlebot3_cpp_navigation) StdoutLine: {'line': b"-- Added test 'xmllint' to check XML markup files\n"}
[0.432036] (turtlebot3_cpp_navigation) StdoutLine: {'line': b'-- Configuring done\n'}
[0.442917] (turtlebot3_cpp_navigation) StdoutLine: {'line': b'-- Generating done\n'}
[0.444208] (turtlebot3_cpp_navigation) StdoutLine: {'line': b'-- Build files have been written to: /app/TURTLEBOT_WS/build/turtlebot3_cpp_navigation\n'}
[0.462535] (turtlebot3_cpp_navigation) StdoutLine: {'line': b'\x1b[35m\x1b[1mConsolidate compiler generated dependencies of target follow_waypoints\x1b[0m\n'}
[0.462693] (turtlebot3_cpp_navigation) StdoutLine: {'line': b'\x1b[35m\x1b[1mConsolidate compiler generated dependencies of target nav2_to_point_goal\x1b[0m\n'}
[0.475450] (turtlebot3_cpp_navigation) StdoutLine: {'line': b'[ 50%] \x1b[32m\x1b[1mLinking CXX executable follow_waypoints\x1b[0m\n'}
[0.475640] (turtlebot3_cpp_navigation) StdoutLine: {'line': b'[ 75%] Built target nav2_to_point_goal\n'}
[0.500244] (-) TimerEvent: {}
[0.547598] (turtlebot3_py_navigation) StdoutLine: {'line': b'running egg_info\n'}
[0.548108] (turtlebot3_py_navigation) StdoutLine: {'line': b'writing ../../build/turtlebot3_py_navigation/turtlebot3_py_navigation.egg-info/PKG-INFO\n'}
[0.548245] (turtlebot3_py_navigation) StdoutLine: {'line': b'writing dependency_links to ../../build/turtlebot3_py_navigation/turtlebot3_py_navigation.egg-info/dependency_links.txt\n'}
[0.548339] (turtlebot3_py_navigation) StdoutLine: {'line': b'writing entry points to ../../build/turtlebot3_py_navigation/turtlebot3_py_navigation.egg-info/entry_points.txt\n'}
[0.548405] (turtlebot3_py_navigation) StdoutLine: {'line': b'writing requirements to ../../build/turtlebot3_py_navigation/turtlebot3_py_navigation.egg-info/requires.txt\n'}
[0.548474] (turtlebot3_py_navigation) StdoutLine: {'line': b'writing top-level names to ../../build/turtlebot3_py_navigation/turtlebot3_py_navigation.egg-info/top_level.txt\n'}
[0.549531] (turtlebot3_py_navigation) StdoutLine: {'line': b"reading manifest file '../../build/turtlebot3_py_navigation/turtlebot3_py_navigation.egg-info/SOURCES.txt'\n"}
[0.550098] (turtlebot3_py_navigation) StdoutLine: {'line': b"writing manifest file '../../build/turtlebot3_py_navigation/turtlebot3_py_navigation.egg-info/SOURCES.txt'\n"}
[0.550158] (turtlebot3_py_navigation) StdoutLine: {'line': b'running build\n'}
[0.550214] (turtlebot3_py_navigation) StdoutLine: {'line': b'running build_py\n'}
[0.550405] (turtlebot3_py_navigation) StdoutLine: {'line': b'running install\n'}
[0.550611] (turtlebot3_py_navigation) StdoutLine: {'line': b'running install_lib\n'}
[0.551401] (turtlebot3_py_navigation) StdoutLine: {'line': b'running install_data\n'}
[0.551457] (turtlebot3_py_navigation) StdoutLine: {'line': b'running install_egg_info\n'}
[0.552305] (turtlebot3_cpp_navigation) StderrLine: {'line': b"/usr/bin/ld: CMakeFiles/follow_waypoints.dir/src/follow_waypoints.cpp.o: in function `FollowWaypoints::send_next_goal()':\n"}
[0.552377] (turtlebot3_cpp_navigation) StderrLine: {'line': b"follow_waypoints.cpp:(.text._ZN15FollowWaypoints14send_next_goalEv[_ZN15FollowWaypoints14send_next_goalEv]+0x481): undefined reference to `NavToPoseClient::send_goal(float, float, float)'\n"}
[0.552417] (turtlebot3_cpp_navigation) StderrLine: {'line': b"/usr/bin/ld: CMakeFiles/follow_waypoints.dir/src/follow_waypoints.cpp.o: in function `FollowWaypoints::wait_for_goal_to_complete()':\n"}
[0.552455] (turtlebot3_cpp_navigation) StderrLine: {'line': b"follow_waypoints.cpp:(.text._ZN15FollowWaypoints25wait_for_goal_to_completeEv[_ZN15FollowWaypoints25wait_for_goal_to_completeEv]+0x83): undefined reference to `NavToPoseClient::is_goal_done() const'\n"}
[0.552589] (turtlebot3_cpp_navigation) StderrLine: {'line': b"/usr/bin/ld: CMakeFiles/follow_waypoints.dir/src/follow_waypoints.cpp.o: in function `void __gnu_cxx::new_allocator<NavToPoseClient>::construct<NavToPoseClient, rclcpp::NodeOptions&>(NavToPoseClient*, rclcpp::NodeOptions&)':\n"}
[0.552629] (turtlebot3_py_navigation) StdoutLine: {'line': b"removing '/app/TURTLEBOT_WS/install/turtlebot3_py_navigation/lib/python3.10/site-packages/turtlebot3_py_navigation-0.0.0-py3.10.egg-info' (and everything under it)\n"}
[0.552683] (turtlebot3_cpp_navigation) StderrLine: {'line': b"follow_waypoints.cpp:(.text._ZN9__gnu_cxx13new_allocatorI15NavToPoseClientE9constructIS1_JRN6rclcpp11NodeOptionsEEEEvPT_DpOT0_[_ZN9__gnu_cxx13new_allocatorI15NavToPoseClientE9constructIS1_JRN6rclcpp11NodeOptionsEEEEvPT_DpOT0_]+0x47): undefined reference to `NavToPoseClient::NavToPoseClient(rclcpp::NodeOptions const&)'\n"}
[0.552779] (turtlebot3_py_navigation) StdoutLine: {'line': b'Copying ../../build/turtlebot3_py_navigation/turtlebot3_py_navigation.egg-info to /app/TURTLEBOT_WS/install/turtlebot3_py_navigation/lib/python3.10/site-packages/turtlebot3_py_navigation-0.0.0-py3.10.egg-info\n'}
[0.553283] (turtlebot3_py_navigation) StdoutLine: {'line': b'running install_scripts\n'}
[0.556831] (turtlebot3_cpp_navigation) StderrLine: {'line': b'collect2: error: ld returned 1 exit status\n'}
[0.558059] (turtlebot3_cpp_navigation) StderrLine: {'line': b'gmake[2]: *** [CMakeFiles/follow_waypoints.dir/build.make:213: follow_waypoints] Error 1\n'}
[0.558239] (turtlebot3_cpp_navigation) StderrLine: {'line': b'gmake[1]: *** [CMakeFiles/Makefile2:165: CMakeFiles/follow_waypoints.dir/all] Error 2\n'}
[0.558380] (turtlebot3_cpp_navigation) StderrLine: {'line': b'gmake: *** [Makefile:146: all] Error 2\n'}
[0.560071] (turtlebot3_cpp_navigation) CommandEnded: {'returncode': 2}
[0.567540] (turtlebot3_py_navigation) StdoutLine: {'line': b'Installing follow_waypoints script to /app/TURTLEBOT_WS/install/turtlebot3_py_navigation/lib/turtlebot3_py_navigation\n'}
[0.567627] (turtlebot3_py_navigation) StdoutLine: {'line': b'Installing nav2_to_point_goal script to /app/TURTLEBOT_WS/install/turtlebot3_py_navigation/lib/turtlebot3_py_navigation\n'}
[0.567682] (turtlebot3_py_navigation) StdoutLine: {'line': b'Installing set_initial_pose script to /app/TURTLEBOT_WS/install/turtlebot3_py_navigation/lib/turtlebot3_py_navigation\n'}
[0.567865] (turtlebot3_py_navigation) StdoutLine: {'line': b"writing list of installed files to '/app/TURTLEBOT_WS/build/turtlebot3_py_navigation/install.log'\n"}
[0.592892] (turtlebot3_cpp_navigation) JobEnded: {'identifier': 'turtlebot3_cpp_navigation', 'rc': 2}
[0.593601] (turtlebot3_py_navigation) JobEnded: {'identifier': 'turtlebot3_py_navigation', 'rc': 'SIGINT'}
[0.600319] (-) TimerEvent: {}
[0.603845] (-) EventReactorShutdown: {}
