-- Found ament_cmake: 1.3.10 (/opt/ros/humble/share/ament_cmake/cmake)
-- Found rclcpp: 16.0.10 (/opt/ros/humble/share/rclcpp/cmake)
-- Found rosidl_generator_c: 3.1.5 (/opt/ros/humble/share/rosidl_generator_c/cmake)
-- Found rosidl_adapter: 3.1.5 (/opt/ros/humble/share/rosidl_adapter/cmake)
-- Found rosidl_generator_cpp: 3.1.5 (/opt/ros/humble/share/rosidl_generator_cpp/cmake)
-- Using all available rosidl_typesupport_c: rosidl_typesupport_fastrtps_c;rosidl_typesupport_introspection_c
-- Using all available rosidl_typesupport_cpp: rosidl_typesupport_fastrtps_cpp;rosidl_typesupport_introspection_cpp
-- Found rmw_implementation_cmake: 6.1.2 (/opt/ros/humble/share/rmw_implementation_cmake/cmake)
-- Found rmw_fastrtps_cpp: 6.2.7 (/opt/ros/humble/share/rmw_fastrtps_cpp/cmake)
-- Using RMW implementation 'rmw_fastrtps_cpp' as default
-- Found rclcpp_action: 16.0.10 (/opt/ros/humble/share/rclcpp_action/cmake)
-- Found nav2_msgs: 1.1.16 (/opt/ros/humble/share/nav2_msgs/cmake)
-- Found tf2: 0.25.7 (/opt/ros/humble/share/tf2/cmake)
-- Found tf2_geometry_msgs: 0.25.7 (/opt/ros/humble/share/tf2_geometry_msgs/cmake)
-- Found eigen3_cmake_module: 0.1.1 (/opt/ros/humble/share/eigen3_cmake_module/cmake)
-- Ensuring Eigen3 include directory is part of orocos-kdl CMake target
-- Found ament_lint_auto: 0.12.11 (/opt/ros/humble/share/ament_lint_auto/cmake)
-- Added test 'cppcheck' to perform static code analysis on C / C++ code
-- Configured cppcheck include dirs: /app/TURTLEBOT_WS/src/turtlebot3_cpp_navigation/include
-- Configured cppcheck exclude dirs and/or files: 
-- Added test 'lint_cmake' to check CMake code style
-- Added test 'uncrustify' to check C / C++ code style
-- Configured uncrustify additional arguments: 
-- Added test 'xmllint' to check XML markup files
-- Configuring done
-- Generating done
-- Build files have been written to: /app/TURTLEBOT_WS/build/turtlebot3_cpp_navigation
[35m[1mConsolidate compiler generated dependencies of target nav2_to_point_goal[0m
[ 25%] [32mBuilding CXX object CMakeFiles/follow_waypoints.dir/src/follow_waypoints.cpp.o[0m
[ 75%] Built target nav2_to_point_goal
[100%] [32m[1mLinking CXX executable follow_waypoints[0m
/usr/bin/ld: CMakeFiles/follow_waypoints.dir/src/follow_waypoints.cpp.o: in function `FollowWaypoints::send_next_goal()':
follow_waypoints.cpp:(.text._ZN15FollowWaypoints14send_next_goalEv[_ZN15FollowWaypoints14send_next_goalEv]+0x481): undefined reference to `NavToPoseClient::send_goal(float, float, float)'
/usr/bin/ld: CMakeFiles/follow_waypoints.dir/src/follow_waypoints.cpp.o: in function `FollowWaypoints::wait_for_goal_to_complete()':
follow_waypoints.cpp:(.text._ZN15FollowWaypoints25wait_for_goal_to_completeEv[_ZN15FollowWaypoints25wait_for_goal_to_completeEv]+0x83): undefined reference to `NavToPoseClient::is_goal_done() const'
/usr/bin/ld: CMakeFiles/follow_waypoints.dir/src/follow_waypoints.cpp.o: in function `void __gnu_cxx::new_allocator<NavToPoseClient>::construct<NavToPoseClient, rclcpp::NodeOptions&>(NavToPoseClient*, rclcpp::NodeOptions&)':
follow_waypoints.cpp:(.text._ZN9__gnu_cxx13new_allocatorI15NavToPoseClientE9constructIS1_JRN6rclcpp11NodeOptionsEEEEvPT_DpOT0_[_ZN9__gnu_cxx13new_allocatorI15NavToPoseClientE9constructIS1_JRN6rclcpp11NodeOptionsEEEEvPT_DpOT0_]+0x47): undefined reference to `NavToPoseClient::NavToPoseClient(rclcpp::NodeOptions const&)'
collect2: error: ld returned 1 exit status
gmake[2]: *** [CMakeFiles/follow_waypoints.dir/build.make:213: follow_waypoints] Error 1
gmake[1]: *** [CMakeFiles/Makefile2:165: CMakeFiles/follow_waypoints.dir/all] Error 2
gmake: *** [Makefile:146: all] Error 2
