In file included from [01m[K/app/TURTLEBOT_WS/src/turtlebot3_cpp_navigation/src/nav2_to_point_goal.cpp:21[m[K:
[01m[K/app/TURTLEBOT_WS/src/turtlebot3_cpp_navigation/src/nav2_to_point_goal.hpp:26:10:[m[K [01;31m[Kfatal error: [m[Kt3_action_msg/action/move.hpp: No such file or directory
   26 | #include [01;31m[K"t3_action_msg/action/move.hpp"[m[K
      |          [01;31m[K^~~~~~~~~~~~~~~~~~~~~~~~~~~~~~~[m[K
compilation terminated.
gmake[2]: *** [CMakeFiles/nav2_to_point_goal.dir/build.make:76: CMakeFiles/nav2_to_point_goal.dir/src/nav2_to_point_goal.cpp.o] Error 1
gmake[1]: *** [CMakeFiles/Makefile2:137: CMakeFiles/nav2_to_point_goal.dir/all] Error 2
gmake: *** [Makefile:146: all] Error 2
