[0.012s] Invoking command in '/app/TURTLEBOT_WS/build/turtlebot3_cpp_navigation': CMAKE_PREFIX_PATH=/opt/ros/humble /usr/bin/cmake --build /app/TURTLEBOT_WS/build/turtlebot3_cpp_navigation -- -j16 -l16
[0.042s] [35m[1mConsolidate compiler generated dependencies of target follow_waypoints[0m
[0.053s] [ 50%] Built target nav2_to_point_goal
[0.056s] [ 75%] [32mBuilding CXX object CMakeFiles/follow_waypoints.dir/src/follow_waypoints.cpp.o[0m
[1.809s] [01m[K/app/TURTLEBOT_WS/src/turtlebot3_cpp_navigation/src/follow_waypoints.cpp:[m[K In member function â€˜[01m[Kvoid FollowWaypointsClient::result_callback(const rclcpp_action::ClientGoalHandle<nav2_msgs::action::NavigateToPose>::WrappedResult&)[m[Kâ€™:
[1.809s] [01m[K/app/TURTLEBOT_WS/src/turtlebot3_cpp_navigation/src/follow_waypoints.cpp:62:13:[m[K [01;31m[Kerror: [m[Kâ€˜[01m[Ksend_goal[m[Kâ€™ was not declared in this scope
[1.809s]    62 |             [01;31m[Ksend_goal[m[K(std::get<0>(next_waypoint), std::get<1>(next_waypoint), std::get<2>(next_waypoint));
[1.809s]       |             [01;31m[K^~~~~~~~~[m[K
[1.816s] [01m[K/app/TURTLEBOT_WS/src/turtlebot3_cpp_navigation/src/follow_waypoints.cpp:[m[K In member function â€˜[01m[Kvoid FollowWaypointsClient::send_waypoints(const std::vector<std::tuple<float, float, float> >&)[m[Kâ€™:
[1.816s] [01m[K/app/TURTLEBOT_WS/src/turtlebot3_cpp_navigation/src/follow_waypoints.cpp:86:5:[m[K [01;31m[Kerror: [m[Kâ€˜[01m[Ksend_goal[m[Kâ€™ was not declared in this scope
[1.816s]    86 |     [01;31m[Ksend_goal[m[K(std::get<0>(first_waypoint), std::get<1>(first_waypoint), std::get<2>(first_waypoint));
[1.816s]       |     [01;31m[K^~~~~~~~~[m[K
[1.816s] [01m[K/app/TURTLEBOT_WS/src/turtlebot3_cpp_navigation/src/follow_waypoints.cpp:[m[K At global scope:
[1.816s] [01m[K/app/TURTLEBOT_WS/src/turtlebot3_cpp_navigation/src/follow_waypoints.cpp:89:6:[m[K [01;31m[Kerror: [m[Kno declaration matches â€˜[01m[Kvoid FollowWaypointsClient::send_goal(float, float, float)[m[Kâ€™
[1.816s]    89 | void [01;31m[KFollowWaypointsClient[m[K::send_goal(float x, float y, float theta) {
[1.816s]       |      [01;31m[K^~~~~~~~~~~~~~~~~~~~~[m[K
[1.816s] [01m[K/app/TURTLEBOT_WS/src/turtlebot3_cpp_navigation/src/follow_waypoints.cpp:89:6:[m[K [01;36m[Knote: [m[Kno functions named â€˜[01m[Kvoid FollowWaypointsClient::send_goal(float, float, float)[m[Kâ€™
[1.816s] In file included from [01m[K/app/TURTLEBOT_WS/src/turtlebot3_cpp_navigation/src/follow_waypoints.cpp:1[m[K:
[1.816s] [01m[K/app/TURTLEBOT_WS/src/turtlebot3_cpp_navigation/src/follow_waypoints.hpp:31:7:[m[K [01;36m[Knote: [m[Kâ€˜[01m[Kclass FollowWaypointsClient[m[Kâ€™ defined here
[1.816s]    31 | class [01;36m[KFollowWaypointsClient[m[K : public rclcpp::Node {
[1.816s]       |       [01;36m[K^~~~~~~~~~~~~~~~~~~~~[m[K
[2.248s] gmake[2]: *** [CMakeFiles/follow_waypoints.dir/build.make:76: CMakeFiles/follow_waypoints.dir/src/follow_waypoints.cpp.o] Error 1
[2.248s] gmake[1]: *** [CMakeFiles/Makefile2:165: CMakeFiles/follow_waypoints.dir/all] Error 2
[2.248s] gmake: *** [Makefile:146: all] Error 2
[2.250s] Invoked command in '/app/TURTLEBOT_WS/build/turtlebot3_cpp_navigation' returned '2': CMAKE_PREFIX_PATH=/opt/ros/humble /usr/bin/cmake --build /app/TURTLEBOT_WS/build/turtlebot3_cpp_navigation -- -j16 -l16
